DEBUG - 2026-07-21 08:21:20 --> Session: Class initialized using 'CodeIgniter\Session\Handlers\FileHandler' driver.
DEBUG - 2026-07-21 08:21:20 --> Session: Class initialized using 'CodeIgniter\Session\Handlers\FileHandler' driver.
ERROR - 2026-07-21 08:21:20 --> Error connecting to the database: Exception: Unable to open database: unable to open database file in /home/itu/Lessons/S4/SI/FINAL/system/Database/SQLite3/Connection.php:111
Stack trace:
#0 /home/itu/Lessons/S4/SI/FINAL/system/Database/SQLite3/Connection.php(111): SQLite3->__construct()
#1 /home/itu/Lessons/S4/SI/FINAL/system/Database/BaseConnection.php(555): CodeIgniter\Database\SQLite3\Connection->connect()
#2 /home/itu/Lessons/S4/SI/FINAL/system/Database/SQLite3/Connection.php(74): CodeIgniter\Database\BaseConnection->initialize()
#3 /home/itu/Lessons/S4/SI/FINAL/system/Database/BaseConnection.php(795): CodeIgniter\Database\SQLite3\Connection->initialize()
#4 /home/itu/Lessons/S4/SI/FINAL/app/Models/ClientModel.php(71): CodeIgniter\Database\BaseConnection->query()
#5 /home/itu/Lessons/S4/SI/FINAL/app/Controllers/ClientController.php(52): App\Models\ClientModel->getBalance()
#6 /home/itu/Lessons/S4/SI/FINAL/system/CodeIgniter.php(951): App\Controllers\ClientController->dashboard()
#7 /home/itu/Lessons/S4/SI/FINAL/system/CodeIgniter.php(497): CodeIgniter\CodeIgniter->runController()
#8 /home/itu/Lessons/S4/SI/FINAL/system/CodeIgniter.php(340): CodeIgniter\CodeIgniter->handleRequest()
#9 /home/itu/Lessons/S4/SI/FINAL/system/Boot.php(417): CodeIgniter\CodeIgniter->run()
#10 /home/itu/Lessons/S4/SI/FINAL/system/Boot.php(68): CodeIgniter\Boot::runCodeIgniter()
#11 /home/itu/Lessons/S4/SI/FINAL/public/index.php(59): CodeIgniter\Boot::bootWeb()
#12 /home/itu/Lessons/S4/SI/FINAL/system/rewrite.php(44): require_once('...')
#13 {main}

Next CodeIgniter\Database\Exceptions\DatabaseException: SQLite3 error: Unable to open database: unable to open database file in /home/itu/Lessons/S4/SI/FINAL/system/Database/SQLite3/Connection.php:118
Stack trace:
#0 /home/itu/Lessons/S4/SI/FINAL/system/Database/BaseConnection.php(555): CodeIgniter\Database\SQLite3\Connection->connect()
#1 /home/itu/Lessons/S4/SI/FINAL/system/Database/SQLite3/Connection.php(74): CodeIgniter\Database\BaseConnection->initialize()
#2 /home/itu/Lessons/S4/SI/FINAL/system/Database/BaseConnection.php(795): CodeIgniter\Database\SQLite3\Connection->initialize()
#3 /home/itu/Lessons/S4/SI/FINAL/app/Models/ClientModel.php(71): CodeIgniter\Database\BaseConnection->query()
#4 /home/itu/Lessons/S4/SI/FINAL/app/Controllers/ClientController.php(52): App\Models\ClientModel->getBalance()
#5 /home/itu/Lessons/S4/SI/FINAL/system/CodeIgniter.php(951): App\Controllers\ClientController->dashboard()
#6 /home/itu/Lessons/S4/SI/FINAL/system/CodeIgniter.php(497): CodeIgniter\CodeIgniter->runController()
#7 /home/itu/Lessons/S4/SI/FINAL/system/CodeIgniter.php(340): CodeIgniter\CodeIgniter->handleRequest()
#8 /home/itu/Lessons/S4/SI/FINAL/system/Boot.php(417): CodeIgniter\CodeIgniter->run()
#9 /home/itu/Lessons/S4/SI/FINAL/system/Boot.php(68): CodeIgniter\Boot::runCodeIgniter()
#10 /home/itu/Lessons/S4/SI/FINAL/public/index.php(59): CodeIgniter\Boot::bootWeb()
#11 /home/itu/Lessons/S4/SI/FINAL/system/rewrite.php(44): require_once('...')
#12 {main}
CRITICAL - 2026-07-21 08:21:20 --> CodeIgniter\Database\Exceptions\DatabaseException: Unable to connect to the database.
Main connection [SQLite3]: SQLite3 error: Unable to open database: unable to open database file
[Method: GET, Route: client/dashboard]
in SYSTEMPATH/Database/BaseConnection.php on line 606.
 1 SYSTEMPATH/Database/SQLite3/Connection.php(74): CodeIgniter\Database\BaseConnection->initialize()
 2 SYSTEMPATH/Database/BaseConnection.php(795): CodeIgniter\Database\SQLite3\Connection->initialize()
 3 APPPATH/Models/ClientModel.php(71): CodeIgniter\Database\BaseConnection->query()
 4 APPPATH/Controllers/ClientController.php(52): App\Models\ClientModel->getBalance()
 5 SYSTEMPATH/CodeIgniter.php(951): App\Controllers\ClientController->dashboard()
 6 SYSTEMPATH/CodeIgniter.php(497): CodeIgniter\CodeIgniter->runController()
 7 SYSTEMPATH/CodeIgniter.php(340): CodeIgniter\CodeIgniter->handleRequest()
 8 SYSTEMPATH/Boot.php(417): CodeIgniter\CodeIgniter->run()
 9 SYSTEMPATH/Boot.php(68): CodeIgniter\Boot::runCodeIgniter()
10 FCPATH/index.php(59): CodeIgniter\Boot::bootWeb()
11 SYSTEMPATH/rewrite.php(44): require_once('/home/itu/Lessons/S4/SI/FINAL/public/index.php')
DEBUG - 2026-07-21 08:24:00 --> Session: Class initialized using 'CodeIgniter\Session\Handlers\FileHandler' driver.
DEBUG - 2026-07-21 08:24:00 --> Session: Class initialized using 'CodeIgniter\Session\Handlers\FileHandler' driver.
ERROR - 2026-07-21 08:24:00 --> Error connecting to the database: Exception: Unable to open database: unable to open database file in /home/itu/Lessons/S4/SI/FINAL/system/Database/SQLite3/Connection.php:111
Stack trace:
#0 /home/itu/Lessons/S4/SI/FINAL/system/Database/SQLite3/Connection.php(111): SQLite3->__construct()
#1 /home/itu/Lessons/S4/SI/FINAL/system/Database/BaseConnection.php(555): CodeIgniter\Database\SQLite3\Connection->connect()
#2 /home/itu/Lessons/S4/SI/FINAL/system/Database/SQLite3/Connection.php(74): CodeIgniter\Database\BaseConnection->initialize()
#3 /home/itu/Lessons/S4/SI/FINAL/system/Database/BaseConnection.php(795): CodeIgniter\Database\SQLite3\Connection->initialize()
#4 /home/itu/Lessons/S4/SI/FINAL/app/Models/ClientModel.php(71): CodeIgniter\Database\BaseConnection->query()
#5 /home/itu/Lessons/S4/SI/FINAL/app/Controllers/ClientController.php(52): App\Models\ClientModel->getBalance()
#6 /home/itu/Lessons/S4/SI/FINAL/system/CodeIgniter.php(951): App\Controllers\ClientController->dashboard()
#7 /home/itu/Lessons/S4/SI/FINAL/system/CodeIgniter.php(497): CodeIgniter\CodeIgniter->runController()
#8 /home/itu/Lessons/S4/SI/FINAL/system/CodeIgniter.php(340): CodeIgniter\CodeIgniter->handleRequest()
#9 /home/itu/Lessons/S4/SI/FINAL/system/Boot.php(417): CodeIgniter\CodeIgniter->run()
#10 /home/itu/Lessons/S4/SI/FINAL/system/Boot.php(68): CodeIgniter\Boot::runCodeIgniter()
#11 /home/itu/Lessons/S4/SI/FINAL/public/index.php(59): CodeIgniter\Boot::bootWeb()
#12 /home/itu/Lessons/S4/SI/FINAL/system/rewrite.php(44): require_once('...')
#13 {main}

Next CodeIgniter\Database\Exceptions\DatabaseException: SQLite3 error: Unable to open database: unable to open database file in /home/itu/Lessons/S4/SI/FINAL/system/Database/SQLite3/Connection.php:118
Stack trace:
#0 /home/itu/Lessons/S4/SI/FINAL/system/Database/BaseConnection.php(555): CodeIgniter\Database\SQLite3\Connection->connect()
#1 /home/itu/Lessons/S4/SI/FINAL/system/Database/SQLite3/Connection.php(74): CodeIgniter\Database\BaseConnection->initialize()
#2 /home/itu/Lessons/S4/SI/FINAL/system/Database/BaseConnection.php(795): CodeIgniter\Database\SQLite3\Connection->initialize()
#3 /home/itu/Lessons/S4/SI/FINAL/app/Models/ClientModel.php(71): CodeIgniter\Database\BaseConnection->query()
#4 /home/itu/Lessons/S4/SI/FINAL/app/Controllers/ClientController.php(52): App\Models\ClientModel->getBalance()
#5 /home/itu/Lessons/S4/SI/FINAL/system/CodeIgniter.php(951): App\Controllers\ClientController->dashboard()
#6 /home/itu/Lessons/S4/SI/FINAL/system/CodeIgniter.php(497): CodeIgniter\CodeIgniter->runController()
#7 /home/itu/Lessons/S4/SI/FINAL/system/CodeIgniter.php(340): CodeIgniter\CodeIgniter->handleRequest()
#8 /home/itu/Lessons/S4/SI/FINAL/system/Boot.php(417): CodeIgniter\CodeIgniter->run()
#9 /home/itu/Lessons/S4/SI/FINAL/system/Boot.php(68): CodeIgniter\Boot::runCodeIgniter()
#10 /home/itu/Lessons/S4/SI/FINAL/public/index.php(59): CodeIgniter\Boot::bootWeb()
#11 /home/itu/Lessons/S4/SI/FINAL/system/rewrite.php(44): require_once('...')
#12 {main}
CRITICAL - 2026-07-21 08:24:00 --> CodeIgniter\Database\Exceptions\DatabaseException: Unable to connect to the database.
Main connection [SQLite3]: SQLite3 error: Unable to open database: unable to open database file
[Method: GET, Route: client/dashboard]
in SYSTEMPATH/Database/BaseConnection.php on line 606.
 1 SYSTEMPATH/Database/SQLite3/Connection.php(74): CodeIgniter\Database\BaseConnection->initialize()
 2 SYSTEMPATH/Database/BaseConnection.php(795): CodeIgniter\Database\SQLite3\Connection->initialize()
 3 APPPATH/Models/ClientModel.php(71): CodeIgniter\Database\BaseConnection->query()
 4 APPPATH/Controllers/ClientController.php(52): App\Models\ClientModel->getBalance()
 5 SYSTEMPATH/CodeIgniter.php(951): App\Controllers\ClientController->dashboard()
 6 SYSTEMPATH/CodeIgniter.php(497): CodeIgniter\CodeIgniter->runController()
 7 SYSTEMPATH/CodeIgniter.php(340): CodeIgniter\CodeIgniter->handleRequest()
 8 SYSTEMPATH/Boot.php(417): CodeIgniter\CodeIgniter->run()
 9 SYSTEMPATH/Boot.php(68): CodeIgniter\Boot::runCodeIgniter()
10 FCPATH/index.php(59): CodeIgniter\Boot::bootWeb()
11 SYSTEMPATH/rewrite.php(44): require_once('/home/itu/Lessons/S4/SI/FINAL/public/index.php')
